<?xml version="1.0" encoding="UTF-8"?>
<testsuite name="com.aws.springboot.web.indexControllerTest" tests="1" skipped="0" failures="0" errors="0" timestamp="2021-03-16T07:44:32" hostname="DESKTOP-OJS49S5" time="0.456">
  <properties/>
  <testcase name="mainPage_loading" classname="com.aws.springboot.web.indexControllerTest" time="0.456"/>
  <system-out><![CDATA[
  .   ____          _            __ _ _
 /\\ / ___'_ __ _ _(_)_ __  __ _ \ \ \ \
( ( )\___ | '_ | '_| | '_ \/ _` | \ \ \ \
 \\/  ___)| |_)| | | | | || (_| |  ) ) ) )
  '  |____| .__|_| |_|_| |_\__, | / / / /
 =========|_|==============|___/=/_/_/_/
 :: Spring Boot ::        (v2.3.8.RELEASE)

2021-03-16 16:44:28.113  INFO 3984 --- [    Test worker] c.a.springboot.web.indexControllerTest   : Starting indexControllerTest on DESKTOP-OJS49S5 with PID 3984 (started by 윤영훈 in C:\IdeaProjects\springboot2-webservice)
2021-03-16 16:44:28.114  INFO 3984 --- [    Test worker] c.a.springboot.web.indexControllerTest   : No active profile set, falling back to default profiles: default
2021-03-16 16:44:28.812  INFO 3984 --- [    Test worker] .s.d.r.c.RepositoryConfigurationDelegate : Bootstrapping Spring Data JPA repositories in DEFAULT mode.
2021-03-16 16:44:28.884  INFO 3984 --- [    Test worker] .s.d.r.c.RepositoryConfigurationDelegate : Finished Spring Data repository scanning in 71ms. Found 2 JPA repository interfaces.
2021-03-16 16:44:29.806  INFO 3984 --- [    Test worker] o.s.b.w.embedded.tomcat.TomcatWebServer  : Tomcat initialized with port(s): 0 (http)
2021-03-16 16:44:29.832  INFO 3984 --- [    Test worker] o.apache.catalina.core.StandardService   : Starting service [Tomcat]
2021-03-16 16:44:29.832  INFO 3984 --- [    Test worker] org.apache.catalina.core.StandardEngine  : Starting Servlet engine: [Apache Tomcat/9.0.41]
2021-03-16 16:44:30.130  INFO 3984 --- [    Test worker] o.a.c.c.C.[Tomcat].[localhost].[/]       : Initializing Spring embedded WebApplicationContext
2021-03-16 16:44:30.131  INFO 3984 --- [    Test worker] w.s.c.ServletWebServerApplicationContext : Root WebApplicationContext: initialization completed in 2012 ms
2021-03-16 16:44:30.206  INFO 3984 --- [    Test worker] com.zaxxer.hikari.HikariDataSource       : HikariPool-2 - Starting...
2021-03-16 16:44:30.207  INFO 3984 --- [    Test worker] com.zaxxer.hikari.HikariDataSource       : HikariPool-2 - Start completed.
2021-03-16 16:44:30.207  INFO 3984 --- [    Test worker] o.s.b.a.h2.H2ConsoleAutoConfiguration    : H2 console available at '/h2-console'. Database available at 'jdbc:h2:mem://localhost/~/testdb'
2021-03-16 16:44:30.587  INFO 3984 --- [    Test worker] o.hibernate.jpa.internal.util.LogHelper  : HHH000204: Processing PersistenceUnitInfo [name: default]
2021-03-16 16:44:30.625  INFO 3984 --- [    Test worker] org.hibernate.dialect.Dialect            : HHH000400: Using dialect: org.hibernate.dialect.MySQL5InnoDBDialect
Hibernate: drop table if exists posts
Hibernate: drop table if exists user
Hibernate: create table posts (id bigint not null auto_increment, created_date datetime, modified_date datetime, author varchar(255), content TEXT not null, title varchar(500) not null, primary key (id)) engine=InnoDB
Hibernate: create table user (id bigint not null auto_increment, created_date datetime, modified_date datetime, email varchar(255) not null, name varchar(255) not null, picture varchar(255), role varchar(255) not null, primary key (id)) engine=InnoDB
2021-03-16 16:44:30.754  INFO 3984 --- [    Test worker] o.h.e.t.j.p.i.JtaPlatformInitiator       : HHH000490: Using JtaPlatform implementation: [org.hibernate.engine.transaction.jta.platform.internal.NoJtaPlatform]
2021-03-16 16:44:30.755  INFO 3984 --- [    Test worker] j.LocalContainerEntityManagerFactoryBean : Initialized JPA EntityManagerFactory for persistence unit 'default'
2021-03-16 16:44:31.423  WARN 3984 --- [    Test worker] JpaBaseConfiguration$JpaWebConfiguration : spring.jpa.open-in-view is enabled by default. Therefore, database queries may be performed during view rendering. Explicitly configure spring.jpa.open-in-view to disable this warning
2021-03-16 16:44:31.892  INFO 3984 --- [    Test worker] o.s.s.web.DefaultSecurityFilterChain     : Creating filter chain: any request, [org.springframework.security.web.context.request.async.WebAsyncManagerIntegrationFilter@1b24a60a, org.springframework.security.web.context.SecurityContextPersistenceFilter@722a7138, org.springframework.security.web.header.HeaderWriterFilter@1b63c02f, org.springframework.security.web.authentication.logout.LogoutFilter@7f41be17, org.springframework.security.oauth2.client.web.OAuth2AuthorizationRequestRedirectFilter@642b163a, org.springframework.security.oauth2.client.web.OAuth2LoginAuthenticationFilter@4f56c4e6, org.springframework.security.web.authentication.ui.DefaultLoginPageGeneratingFilter@6c45364b, org.springframework.security.web.authentication.ui.DefaultLogoutPageGeneratingFilter@412b6f8c, org.springframework.security.web.savedrequest.RequestCacheAwareFilter@20a242cf, org.springframework.security.web.servletapi.SecurityContextHolderAwareRequestFilter@25c58c4c, org.springframework.security.web.authentication.AnonymousAuthenticationFilter@7d0d3b55, org.springframework.security.web.session.SessionManagementFilter@50732758, org.springframework.security.web.access.ExceptionTranslationFilter@5420df45, org.springframework.security.web.access.intercept.FilterSecurityInterceptor@29ee777d]
2021-03-16 16:44:32.169  INFO 3984 --- [    Test worker] o.s.s.concurrent.ThreadPoolTaskExecutor  : Initializing ExecutorService 'applicationTaskExecutor'
2021-03-16 16:44:32.272  INFO 3984 --- [    Test worker] o.s.b.a.w.s.WelcomePageHandlerMapping    : Adding welcome page template: index
2021-03-16 16:44:32.851  INFO 3984 --- [    Test worker] o.s.b.w.embedded.tomcat.TomcatWebServer  : Tomcat started on port(s): 65130 (http) with context path ''
2021-03-16 16:44:32.858  INFO 3984 --- [    Test worker] s.a.ScheduledAnnotationBeanPostProcessor : No TaskScheduler/ScheduledExecutorService bean found for scheduled processing
2021-03-16 16:44:32.859  INFO 3984 --- [    Test worker] c.a.springboot.web.indexControllerTest   : Started indexControllerTest in 4.909 seconds (JVM running for 23.799)
2021-03-16 16:44:33.126  INFO 3984 --- [o-auto-1-exec-1] o.a.c.c.C.[Tomcat].[localhost].[/]       : Initializing Spring DispatcherServlet 'dispatcherServlet'
2021-03-16 16:44:33.130  INFO 3984 --- [o-auto-1-exec-1] o.s.web.servlet.DispatcherServlet        : Initializing Servlet 'dispatcherServlet'
2021-03-16 16:44:33.176  INFO 3984 --- [o-auto-1-exec-1] o.s.web.servlet.DispatcherServlet        : Completed initialization in 46 ms
Hibernate: select posts0_.id as id1_0_, posts0_.created_date as created_2_0_, posts0_.modified_date as modified3_0_, posts0_.author as author4_0_, posts0_.content as content5_0_, posts0_.title as title6_0_ from posts posts0_ order by posts0_.id DESC
]]></system-out>
  <system-err><![CDATA[]]></system-err>
</testsuite>
