<?xml version="1.0" encoding="UTF-8"?>
<testsuite name="com.aws.springboot.web.HelloControllerTest" tests="2" skipped="0" failures="0" errors="0" timestamp="2021-03-16T07:44:27" hostname="DESKTOP-OJS49S5" time="0.471">
  <properties/>
  <testcase name="hello_test" classname="com.aws.springboot.web.HelloControllerTest" time="0.183"/>
  <testcase name="hello_dto_test" classname="com.aws.springboot.web.HelloControllerTest" time="0.282"/>
  <system-out><![CDATA[
  .   ____          _            __ _ _
 /\\ / ___'_ __ _ _(_)_ __  __ _ \ \ \ \
( ( )\___ | '_ | '_| | '_ \/ _` | \ \ \ \
 \\/  ___)| |_)| | | | | || (_| |  ) ) ) )
  '  |____| .__|_| |_|_| |_\__, | / / / /
 =========|_|==============|___/=/_/_/_/
 :: Spring Boot ::        (v2.3.8.RELEASE)

2021-03-16 16:44:25.381  INFO 3984 --- [    Test worker] c.a.springboot.web.HelloControllerTest   : Starting HelloControllerTest on DESKTOP-OJS49S5 with PID 3984 (started by 윤영훈 in C:\IdeaProjects\springboot2-webservice)
2021-03-16 16:44:25.385  INFO 3984 --- [    Test worker] c.a.springboot.web.HelloControllerTest   : No active profile set, falling back to default profiles: default
2021-03-16 16:44:26.365  INFO 3984 --- [    Test worker] o.s.s.concurrent.ThreadPoolTaskExecutor  : Initializing ExecutorService 'applicationTaskExecutor'
2021-03-16 16:44:26.506  INFO 3984 --- [    Test worker] o.s.b.a.w.s.WelcomePageHandlerMapping    : Adding welcome page template: index
2021-03-16 16:44:27.236  INFO 3984 --- [    Test worker] o.s.s.web.DefaultSecurityFilterChain     : Creating filter chain: any request, [org.springframework.security.web.context.request.async.WebAsyncManagerIntegrationFilter@7c76e9d, org.springframework.security.web.context.SecurityContextPersistenceFilter@4d4fcc6c, org.springframework.security.web.header.HeaderWriterFilter@5248da74, org.springframework.security.web.csrf.CsrfFilter@6c3a6154, org.springframework.security.web.authentication.logout.LogoutFilter@6c4eebe6, org.springframework.security.oauth2.client.web.OAuth2AuthorizationRequestRedirectFilter@517d6fe2, org.springframework.security.oauth2.client.web.OAuth2AuthorizationRequestRedirectFilter@2772005b, org.springframework.security.oauth2.client.web.OAuth2LoginAuthenticationFilter@6a32c8c6, org.springframework.security.web.authentication.ui.DefaultLoginPageGeneratingFilter@4102338b, org.springframework.security.web.authentication.ui.DefaultLogoutPageGeneratingFilter@71c617d4, org.springframework.security.web.savedrequest.RequestCacheAwareFilter@193fbdd, org.springframework.security.web.servletapi.SecurityContextHolderAwareRequestFilter@151c0ae1, org.springframework.security.web.authentication.AnonymousAuthenticationFilter@604d5149, org.springframework.security.oauth2.client.web.OAuth2AuthorizationCodeGrantFilter@7e4deaf7, org.springframework.security.web.session.SessionManagementFilter@6d4721a8, org.springframework.security.web.access.ExceptionTranslationFilter@40e19e36, org.springframework.security.web.access.intercept.FilterSecurityInterceptor@4ded250c]
2021-03-16 16:44:27.396  INFO 3984 --- [    Test worker] o.s.b.t.m.w.SpringBootMockServletContext : Initializing Spring TestDispatcherServlet ''
2021-03-16 16:44:27.396  INFO 3984 --- [    Test worker] o.s.t.web.servlet.TestDispatcherServlet  : Initializing Servlet ''
2021-03-16 16:44:27.424  INFO 3984 --- [    Test worker] o.s.t.web.servlet.TestDispatcherServlet  : Completed initialization in 28 ms
2021-03-16 16:44:27.463  INFO 3984 --- [    Test worker] c.a.springboot.web.HelloControllerTest   : Started HelloControllerTest in 2.222 seconds (JVM running for 18.403)
]]></system-out>
  <system-err><![CDATA[]]></system-err>
</testsuite>
