<?xml version="1.0" encoding="UTF-8"?>
<testsuite name="com.aws.springboot.web.dto.HelloResponseDtoTest" tests="1" skipped="0" failures="0" errors="0" timestamp="2021-03-16T07:44:25" hostname="DESKTOP-OJS49S5" time="0.009">
  <properties/>
  <testcase name="lombok_fn_test" classname="com.aws.springboot.web.dto.HelloResponseDtoTest" time="0.009"/>
  <system-out><![CDATA[]]></system-out>
  <system-err><![CDATA[]]></system-err>
</testsuite>
