<?xml version="1.0" encoding="UTF-8"?>
<testsuite name="com.aws.springboot.domain.posts.PostsRepositoryTest" tests="2" skipped="0" failures="0" errors="0" timestamp="2021-03-16T07:44:24" hostname="DESKTOP-OJS49S5" time="0.662">
  <properties/>
  <testcase name="board_save_load" classname="com.aws.springboot.domain.posts.PostsRepositoryTest" time="0.624"/>
  <testcase name="BaseTimeEntity_insert" classname="com.aws.springboot.domain.posts.PostsRepositoryTest" time="0.037"/>
  <system-out><![CDATA[16:44:12.174 [Test worker] DEBUG org.springframework.test.annotation.ProfileValueUtils - Retrieved @ProfileValueSourceConfiguration [null] for test class [com.aws.springboot.domain.posts.PostsRepositoryTest]
16:44:12.174 [Test worker] DEBUG org.springframework.test.annotation.ProfileValueUtils - Retrieved ProfileValueSource type [class org.springframework.test.annotation.SystemProfileValueSource] for class [com.aws.springboot.domain.posts.PostsRepositoryTest]
16:44:12.176 [Test worker] DEBUG org.springframework.test.annotation.ProfileValueUtils - Retrieved @ProfileValueSourceConfiguration [null] for test class [com.aws.springboot.domain.posts.PostsRepositoryTest]
16:44:12.176 [Test worker] DEBUG org.springframework.test.annotation.ProfileValueUtils - Retrieved ProfileValueSource type [class org.springframework.test.annotation.SystemProfileValueSource] for class [com.aws.springboot.domain.posts.PostsRepositoryTest]
16:44:12.187 [Test worker] DEBUG org.springframework.test.context.support.AbstractDirtiesContextTestExecutionListener - Before test class: context [DefaultTestContext@15df0703 testClass = PostsRepositoryTest, testInstance = [null], testMethod = [null], testException = [null], mergedContextConfiguration = [WebMergedContextConfiguration@3b3dc40 testClass = PostsRepositoryTest, locations = '{}', classes = '{class com.aws.springboot.Application}', contextInitializerClasses = '[]', activeProfiles = '{}', propertySourceLocations = '{}', propertySourceProperties = '{org.springframework.boot.test.context.SpringBootTestContextBootstrapper=true}', contextCustomizers = set[org.springframework.boot.test.autoconfigure.properties.PropertyMappingContextCustomizer@0, org.springframework.boot.test.autoconfigure.web.servlet.WebDriverContextCustomizerFactory$Customizer@14cf37b3, org.springframework.boot.test.context.filter.ExcludeFilterContextCustomizer@405b1fea, org.springframework.boot.test.json.DuplicateJsonObjectContextCustomizerFactory$DuplicateJsonObjectContextCustomizer@1488163, org.springframework.boot.test.mock.mockito.MockitoContextCustomizer@0, org.springframework.boot.test.web.client.TestRestTemplateContextCustomizer@7e78eb43, org.springframework.boot.test.context.SpringBootTestArgs@1, org.springframework.boot.test.context.SpringBootTestWebEnvironment@668a5f17], resourceBasePath = 'src/main/webapp', contextLoader = 'org.springframework.boot.test.context.SpringBootContextLoader', parent = [null]], attributes = map['org.springframework.test.context.web.ServletTestExecutionListener.activateListener' -> true]], class annotated with @DirtiesContext [false] with mode [null].
16:44:12.190 [Test worker] DEBUG org.springframework.test.annotation.ProfileValueUtils - Retrieved @ProfileValueSourceConfiguration [null] for test class [com.aws.springboot.domain.posts.PostsRepositoryTest]
16:44:12.190 [Test worker] DEBUG org.springframework.test.annotation.ProfileValueUtils - Retrieved ProfileValueSource type [class org.springframework.test.annotation.SystemProfileValueSource] for class [com.aws.springboot.domain.posts.PostsRepositoryTest]
16:44:12.233 [Test worker] DEBUG org.springframework.test.context.support.TestPropertySourceUtils - Adding inlined properties to environment: {spring.jmx.enabled=false, org.springframework.boot.test.context.SpringBootTestContextBootstrapper=true}

  .   ____          _            __ _ _
 /\\ / ___'_ __ _ _(_)_ __  __ _ \ \ \ \
( ( )\___ | '_ | '_| | '_ \/ _` | \ \ \ \
 \\/  ___)| |_)| | | | | || (_| |  ) ) ) )
  '  |____| .__|_| |_|_| |_\__, | / / / /
 =========|_|==============|___/=/_/_/_/
 :: Spring Boot ::        (v2.3.8.RELEASE)

2021-03-16 16:44:12.833  INFO 3984 --- [    Test worker] c.a.s.domain.posts.PostsRepositoryTest   : Starting PostsRepositoryTest on DESKTOP-OJS49S5 with PID 3984 (started by 윤영훈 in C:\IdeaProjects\springboot2-webservice)
2021-03-16 16:44:12.835  INFO 3984 --- [    Test worker] c.a.s.domain.posts.PostsRepositoryTest   : No active profile set, falling back to default profiles: default
2021-03-16 16:44:14.624  INFO 3984 --- [    Test worker] .s.d.r.c.RepositoryConfigurationDelegate : Bootstrapping Spring Data JPA repositories in DEFAULT mode.
2021-03-16 16:44:14.810  INFO 3984 --- [    Test worker] .s.d.r.c.RepositoryConfigurationDelegate : Finished Spring Data repository scanning in 163ms. Found 2 JPA repository interfaces.
2021-03-16 16:44:16.172  INFO 3984 --- [    Test worker] com.zaxxer.hikari.HikariDataSource       : HikariPool-1 - Starting...
2021-03-16 16:44:16.659  INFO 3984 --- [    Test worker] com.zaxxer.hikari.HikariDataSource       : HikariPool-1 - Start completed.
2021-03-16 16:44:16.839  INFO 3984 --- [    Test worker] o.hibernate.jpa.internal.util.LogHelper  : HHH000204: Processing PersistenceUnitInfo [name: default]
2021-03-16 16:44:16.995  INFO 3984 --- [    Test worker] org.hibernate.Version                    : HHH000412: Hibernate ORM core version 5.4.27.Final
2021-03-16 16:44:17.394  INFO 3984 --- [    Test worker] o.hibernate.annotations.common.Version   : HCANN000001: Hibernate Commons Annotations {5.1.2.Final}
2021-03-16 16:44:17.732  INFO 3984 --- [    Test worker] org.hibernate.dialect.Dialect            : HHH000400: Using dialect: org.hibernate.dialect.MySQL5InnoDBDialect
Hibernate: drop table if exists posts
Hibernate: drop table if exists user
Hibernate: create table posts (id bigint not null auto_increment, created_date datetime, modified_date datetime, author varchar(255), content TEXT not null, title varchar(500) not null, primary key (id)) engine=InnoDB
Hibernate: create table user (id bigint not null auto_increment, created_date datetime, modified_date datetime, email varchar(255) not null, name varchar(255) not null, picture varchar(255), role varchar(255) not null, primary key (id)) engine=InnoDB
2021-03-16 16:44:19.152  INFO 3984 --- [    Test worker] o.h.e.t.j.p.i.JtaPlatformInitiator       : HHH000490: Using JtaPlatform implementation: [org.hibernate.engine.transaction.jta.platform.internal.NoJtaPlatform]
2021-03-16 16:44:19.167  INFO 3984 --- [    Test worker] j.LocalContainerEntityManagerFactoryBean : Initialized JPA EntityManagerFactory for persistence unit 'default'
2021-03-16 16:44:20.243  WARN 3984 --- [    Test worker] JpaBaseConfiguration$JpaWebConfiguration : spring.jpa.open-in-view is enabled by default. Therefore, database queries may be performed during view rendering. Explicitly configure spring.jpa.open-in-view to disable this warning
2021-03-16 16:44:21.865  INFO 3984 --- [    Test worker] o.s.s.web.DefaultSecurityFilterChain     : Creating filter chain: any request, [org.springframework.security.web.context.request.async.WebAsyncManagerIntegrationFilter@53171adf, org.springframework.security.web.context.SecurityContextPersistenceFilter@15770c31, org.springframework.security.web.header.HeaderWriterFilter@253ecda6, org.springframework.security.web.authentication.logout.LogoutFilter@190aaea4, org.springframework.security.oauth2.client.web.OAuth2AuthorizationRequestRedirectFilter@53dbe533, org.springframework.security.oauth2.client.web.OAuth2LoginAuthenticationFilter@528353cf, org.springframework.security.web.authentication.ui.DefaultLoginPageGeneratingFilter@30566a0, org.springframework.security.web.authentication.ui.DefaultLogoutPageGeneratingFilter@50f9d2ac, org.springframework.security.web.savedrequest.RequestCacheAwareFilter@12190da5, org.springframework.security.web.servletapi.SecurityContextHolderAwareRequestFilter@34b6bd92, org.springframework.security.web.authentication.AnonymousAuthenticationFilter@1edb19e8, org.springframework.security.web.session.SessionManagementFilter@1ec3f73c, org.springframework.security.web.access.ExceptionTranslationFilter@38495742, org.springframework.security.web.access.intercept.FilterSecurityInterceptor@4be17c26]
2021-03-16 16:44:23.243  INFO 3984 --- [    Test worker] o.s.s.concurrent.ThreadPoolTaskExecutor  : Initializing ExecutorService 'applicationTaskExecutor'
2021-03-16 16:44:23.397  INFO 3984 --- [    Test worker] o.s.b.a.h2.H2ConsoleAutoConfiguration    : H2 console available at '/h2-console'. Database available at 'jdbc:h2:mem://localhost/~/testdb'
2021-03-16 16:44:23.569  INFO 3984 --- [    Test worker] o.s.b.a.w.s.WelcomePageHandlerMapping    : Adding welcome page template: index
2021-03-16 16:44:24.481  INFO 3984 --- [    Test worker] s.a.ScheduledAnnotationBeanPostProcessor : No TaskScheduler/ScheduledExecutorService bean found for scheduled processing
2021-03-16 16:44:24.501  INFO 3984 --- [    Test worker] c.a.s.domain.posts.PostsRepositoryTest   : Started PostsRepositoryTest in 12.249 seconds (JVM running for 15.442)
Hibernate: insert into posts (created_date, modified_date, author, content, title) values (?, ?, ?, ?, ?)
Hibernate: select posts0_.id as id1_0_, posts0_.created_date as created_2_0_, posts0_.modified_date as modified3_0_, posts0_.author as author4_0_, posts0_.content as content5_0_, posts0_.title as title6_0_ from posts posts0_
Hibernate: select posts0_.id as id1_0_, posts0_.created_date as created_2_0_, posts0_.modified_date as modified3_0_, posts0_.author as author4_0_, posts0_.content as content5_0_, posts0_.title as title6_0_ from posts posts0_
Hibernate: delete from posts where id=?
Hibernate: insert into posts (created_date, modified_date, author, content, title) values (?, ?, ?, ?, ?)
Hibernate: select posts0_.id as id1_0_, posts0_.created_date as created_2_0_, posts0_.modified_date as modified3_0_, posts0_.author as author4_0_, posts0_.content as content5_0_, posts0_.title as title6_0_ from posts posts0_
>>>>>>>>>>>>> createdDate=2021-03-16T16:44:25.187, modifiedDate=2021-03-16T16:44:25.187
Hibernate: select posts0_.id as id1_0_, posts0_.created_date as created_2_0_, posts0_.modified_date as modified3_0_, posts0_.author as author4_0_, posts0_.content as content5_0_, posts0_.title as title6_0_ from posts posts0_
Hibernate: delete from posts where id=?
]]></system-out>
  <system-err><![CDATA[]]></system-err>
</testsuite>
